<?xml version="1.0" encoding="UTF-8"?>
<coverage generated="1749328564727" clover="3.2.0">
  <project timestamp="1749328564727" name="All files">
    <metrics statements="78" coveredstatements="73" conditionals="40" coveredconditionals="34" methods="48" coveredmethods="45" elements="166" coveredelements="152" complexity="0" loc="78" ncloc="78" packages="1" files="1" classes="1"/>
    <file name="focus-flow.js" path="/app/focus-flow.js">
      <metrics statements="78" coveredstatements="73" conditionals="40" coveredconditionals="34" methods="48" coveredmethods="45"/>
      <line num="3" count="3" type="stmt"/>
      <line num="7" count="1" type="stmt"/>
      <line num="11" count="4" type="stmt"/>
      <line num="15" count="6" type="stmt"/>
      <line num="19" count="2" type="stmt"/>
      <line num="23" count="7" type="cond" truecount="2" falsecount="0"/>
      <line num="27" count="4" type="cond" truecount="2" falsecount="0"/>
      <line num="31" count="4" type="stmt"/>
      <line num="35" count="1" type="stmt"/>
      <line num="36" count="1" type="stmt"/>
      <line num="37" count="1" type="stmt"/>
      <line num="42" count="0" type="stmt"/>
      <line num="45" count="0" type="stmt"/>
      <line num="46" count="0" type="stmt"/>
      <line num="48" count="0" type="stmt"/>
      <line num="52" count="1" type="stmt"/>
      <line num="53" count="1" type="stmt"/>
      <line num="54" count="1" type="stmt"/>
      <line num="59" count="1" type="stmt"/>
      <line num="64" count="9" type="cond" truecount="4" falsecount="0"/>
      <line num="69" count="3" type="cond" truecount="2" falsecount="0"/>
      <line num="75" count="6" type="stmt"/>
      <line num="80" count="6" type="cond" truecount="2" falsecount="0"/>
      <line num="85" count="3" type="cond" truecount="2" falsecount="0"/>
      <line num="90" count="3" type="cond" truecount="2" falsecount="0"/>
      <line num="95" count="0" type="stmt"/>
      <line num="104" count="2" type="stmt"/>
      <line num="105" count="2" type="stmt"/>
      <line num="106" count="2" type="stmt"/>
      <line num="107" count="2" type="stmt"/>
      <line num="111" count="15" type="cond" truecount="2" falsecount="0"/>
      <line num="117" count="3" type="stmt"/>
      <line num="121" count="6" type="stmt"/>
      <line num="128" count="1" type="stmt"/>
      <line num="129" count="1" type="stmt"/>
      <line num="130" count="1" type="stmt"/>
      <line num="135" count="1" type="stmt"/>
      <line num="136" count="1" type="stmt"/>
      <line num="140" count="3" type="stmt"/>
      <line num="147" count="15" type="stmt"/>
      <line num="152" count="2" type="stmt"/>
      <line num="153" count="12" type="stmt"/>
      <line num="158" count="4" type="stmt"/>
      <line num="159" count="4" type="stmt"/>
      <line num="160" count="4" type="stmt"/>
      <line num="172" count="1" type="stmt"/>
      <line num="179" count="5" type="stmt"/>
      <line num="180" count="5" type="stmt"/>
      <line num="181" count="5" type="stmt"/>
      <line num="182" count="5" type="cond" truecount="2" falsecount="0"/>
      <line num="184" count="5" type="cond" truecount="2" falsecount="0"/>
      <line num="189" count="9" type="stmt"/>
      <line num="190" count="9" type="stmt"/>
      <line num="191" count="7" type="stmt"/>
      <line num="192" count="7" type="stmt"/>
      <line num="193" count="7" type="cond" truecount="4" falsecount="0"/>
      <line num="194" count="4" type="cond" truecount="2" falsecount="0"/>
      <line num="197" count="4" type="stmt"/>
      <line num="198" count="4" type="stmt"/>
      <line num="200" count="4" type="stmt"/>
      <line num="204" count="4" type="stmt"/>
      <line num="205" count="4" type="stmt"/>
      <line num="206" count="4" type="stmt"/>
      <line num="212" count="16" type="stmt"/>
      <line num="221" count="16" type="stmt"/>
      <line num="222" count="16" type="stmt"/>
      <line num="225" count="16" type="stmt"/>
      <line num="234" count="16" type="cond" truecount="2" falsecount="0"/>
      <line num="235" count="16" type="stmt"/>
      <line num="239" count="5" type="stmt"/>
      <line num="240" count="5" type="stmt"/>
      <line num="241" count="5" type="stmt"/>
      <line num="244" count="1" type="stmt"/>
      <line num="245" count="1" type="stmt"/>
      <line num="246" count="1" type="stmt"/>
      <line num="250" count="5" type="stmt"/>
      <line num="251" count="5" type="stmt"/>
      <line num="252" count="10" type="stmt"/>
    </file>
  </project>
</coverage>
