{"/app/focus-flow.js": {"path":"/app/focus-flow.js","statementMap":{"0":{"start":{"line":3,"column":2},"end":{"line":3,"column":41}},"1":{"start":{"line":7,"column":2},"end":{"line":7,"column":38}},"2":{"start":{"line":7,"column":17},"end":{"line":7,"column":37}},"3":{"start":{"line":11,"column":2},"end":{"line":11,"column":41}},"4":{"start":{"line":11,"column":17},"end":{"line":11,"column":40}},"5":{"start":{"line":15,"column":2},"end":{"line":15,"column":44}},"6":{"start":{"line":15,"column":17},"end":{"line":15,"column":43}},"7":{"start":{"line":19,"column":2},"end":{"line":19,"column":27}},"8":{"start":{"line":23,"column":2},"end":{"line":23,"column":47}},"9":{"start":{"line":27,"column":2},"end":{"line":27,"column":72}},"10":{"start":{"line":27,"column":17},"end":{"line":27,"column":71}},"11":{"start":{"line":31,"column":2},"end":{"line":31,"column":57}},"12":{"start":{"line":35,"column":2},"end":{"line":38,"column":4}},"13":{"start":{"line":36,"column":19},"end":{"line":36,"column":45}},"14":{"start":{"line":37,"column":3},"end":{"line":37,"column":55}},"15":{"start":{"line":42,"column":16},"end":{"line":44,"column":3}},"16":{"start":{"line":45,"column":19},"end":{"line":47,"column":3}},"17":{"start":{"line":46,"column":11},"end":{"line":46,"column":48}},"18":{"start":{"line":48,"column":2},"end":{"line":48,"column":33}},"19":{"start":{"line":52,"column":2},"end":{"line":55,"column":4}},"20":{"start":{"line":53,"column":19},"end":{"line":53,"column":45}},"21":{"start":{"line":54,"column":3},"end":{"line":54,"column":34}},"22":{"start":{"line":59,"column":2},"end":{"line":59,"column":62}},"23":{"start":{"line":59,"column":18},"end":{"line":59,"column":61}},"24":{"start":{"line":64,"column":2},"end":{"line":64,"column":77}},"25":{"start":{"line":69,"column":2},"end":{"line":69,"column":55}},"26":{"start":{"line":75,"column":2},"end":{"line":75,"column":37}},"27":{"start":{"line":80,"column":2},"end":{"line":80,"column":76}},"28":{"start":{"line":85,"column":2},"end":{"line":85,"column":59}},"29":{"start":{"line":90,"column":2},"end":{"line":90,"column":62}},"30":{"start":{"line":95,"column":2},"end":{"line":100,"column":4}},"31":{"start":{"line":104,"column":15},"end":{"line":104,"column":39}},"32":{"start":{"line":105,"column":15},"end":{"line":105,"column":46}},"33":{"start":{"line":106,"column":22},"end":{"line":106,"column":38}},"34":{"start":{"line":107,"column":2},"end":{"line":107,"column":41}},"35":{"start":{"line":111,"column":2},"end":{"line":113,"column":25}},"36":{"start":{"line":117,"column":2},"end":{"line":117,"column":66}},"37":{"start":{"line":121,"column":2},"end":{"line":124,"column":5}},"38":{"start":{"line":121,"column":35},"end":{"line":124,"column":3}},"39":{"start":{"line":128,"column":2},"end":{"line":131,"column":4}},"40":{"start":{"line":129,"column":3},"end":{"line":129,"column":35}},"41":{"start":{"line":130,"column":3},"end":{"line":130,"column":26}},"42":{"start":{"line":135,"column":39},"end":{"line":135,"column":69}},"43":{"start":{"line":136,"column":2},"end":{"line":136,"column":38}},"44":{"start":{"line":140,"column":2},"end":{"line":148,"column":13}},"45":{"start":{"line":147,"column":16},"end":{"line":147,"column":31}},"46":{"start":{"line":152,"column":2},"end":{"line":154,"column":15}},"47":{"start":{"line":153,"column":16},"end":{"line":153,"column":31}},"48":{"start":{"line":158,"column":19},"end":{"line":158,"column":42}},"49":{"start":{"line":159,"column":19},"end":{"line":159,"column":50}},"50":{"start":{"line":160,"column":2},"end":{"line":160,"column":50}},"51":{"start":{"line":172,"column":2},"end":{"line":175,"column":4}},"52":{"start":{"line":179,"column":19},"end":{"line":179,"column":75}},"53":{"start":{"line":180,"column":2},"end":{"line":180,"column":60}},"54":{"start":{"line":181,"column":2},"end":{"line":185,"column":4}},"55":{"start":{"line":182,"column":3},"end":{"line":183,"column":50}},"56":{"start":{"line":184,"column":3},"end":{"line":184,"column":53}},"57":{"start":{"line":189,"column":2},"end":{"line":189,"column":25}},"58":{"start":{"line":190,"column":2},"end":{"line":208,"column":4}},"59":{"start":{"line":191,"column":16},"end":{"line":191,"column":28}},"60":{"start":{"line":192,"column":18},"end":{"line":192,"column":58}},"61":{"start":{"line":193,"column":3},"end":{"line":207,"column":4}},"62":{"start":{"line":194,"column":4},"end":{"line":196,"column":14}},"63":{"start":{"line":197,"column":4},"end":{"line":197,"column":38}},"64":{"start":{"line":198,"column":4},"end":{"line":198,"column":51}},"65":{"start":{"line":200,"column":18},"end":{"line":203,"column":5}},"66":{"start":{"line":204,"column":17},"end":{"line":204,"column":35}},"67":{"start":{"line":205,"column":4},"end":{"line":205,"column":33}},"68":{"start":{"line":206,"column":4},"end":{"line":206,"column":43}},"69":{"start":{"line":212,"column":2},"end":{"line":212,"column":27}},"70":{"start":{"line":221,"column":6},"end":{"line":221,"column":20}},"71":{"start":{"line":222,"column":2},"end":{"line":224,"column":4}},"72":{"start":{"line":225,"column":2},"end":{"line":233,"column":4}},"73":{"start":{"line":234,"column":2},"end":{"line":234,"column":68}},"74":{"start":{"line":235,"column":2},"end":{"line":235,"column":14}},"75":{"start":{"line":239,"column":16},"end":{"line":239,"column":39}},"76":{"start":{"line":240,"column":2},"end":{"line":240,"column":53}},"77":{"start":{"line":241,"column":2},"end":{"line":249,"column":4}},"78":{"start":{"line":244,"column":4},"end":{"line":244,"column":26}},"79":{"start":{"line":245,"column":4},"end":{"line":245,"column":30}},"80":{"start":{"line":246,"column":4},"end":{"line":246,"column":27}},"81":{"start":{"line":250,"column":2},"end":{"line":250,"column":44}},"82":{"start":{"line":251,"column":2},"end":{"line":253,"column":3}},"83":{"start":{"line":252,"column":3},"end":{"line":252,"column":39}}},"fnMap":{"0":{"name":"(anonymous_0)","decl":{"start":{"line":2,"column":1},"end":{"line":2,"column":2}},"loc":{"start":{"line":2,"column":16},"end":{"line":4,"column":2}},"line":2},"1":{"name":"(anonymous_1)","decl":{"start":{"line":6,"column":1},"end":{"line":6,"column":2}},"loc":{"start":{"line":6,"column":18},"end":{"line":8,"column":2}},"line":6},"2":{"name":"(anonymous_2)","decl":{"start":{"line":7,"column":9},"end":{"line":7,"column":10}},"loc":{"start":{"line":7,"column":17},"end":{"line":7,"column":37}},"line":7},"3":{"name":"(anonymous_3)","decl":{"start":{"line":10,"column":1},"end":{"line":10,"column":2}},"loc":{"start":{"line":10,"column":15},"end":{"line":12,"column":2}},"line":10},"4":{"name":"(anonymous_4)","decl":{"start":{"line":11,"column":9},"end":{"line":11,"column":10}},"loc":{"start":{"line":11,"column":17},"end":{"line":11,"column":40}},"line":11},"5":{"name":"(anonymous_5)","decl":{"start":{"line":14,"column":1},"end":{"line":14,"column":2}},"loc":{"start":{"line":14,"column":21},"end":{"line":16,"column":2}},"line":14},"6":{"name":"(anonymous_6)","decl":{"start":{"line":15,"column":9},"end":{"line":15,"column":10}},"loc":{"start":{"line":15,"column":17},"end":{"line":15,"column":43}},"line":15},"7":{"name":"(anonymous_7)","decl":{"start":{"line":18,"column":1},"end":{"line":18,"column":2}},"loc":{"start":{"line":18,"column":20},"end":{"line":20,"column":2}},"line":18},"8":{"name":"(anonymous_8)","decl":{"start":{"line":22,"column":1},"end":{"line":22,"column":2}},"loc":{"start":{"line":22,"column":15},"end":{"line":24,"column":2}},"line":22},"9":{"name":"(anonymous_9)","decl":{"start":{"line":26,"column":1},"end":{"line":26,"column":2}},"loc":{"start":{"line":26,"column":18},"end":{"line":28,"column":2}},"line":26},"10":{"name":"(anonymous_10)","decl":{"start":{"line":27,"column":9},"end":{"line":27,"column":10}},"loc":{"start":{"line":27,"column":17},"end":{"line":27,"column":71}},"line":27},"11":{"name":"(anonymous_11)","decl":{"start":{"line":30,"column":1},"end":{"line":30,"column":2}},"loc":{"start":{"line":30,"column":20},"end":{"line":32,"column":2}},"line":30},"12":{"name":"(anonymous_12)","decl":{"start":{"line":34,"column":1},"end":{"line":34,"column":2}},"loc":{"start":{"line":34,"column":15},"end":{"line":39,"column":2}},"line":34},"13":{"name":"(anonymous_13)","decl":{"start":{"line":35,"column":9},"end":{"line":35,"column":10}},"loc":{"start":{"line":35,"column":18},"end":{"line":38,"column":3}},"line":35},"14":{"name":"(anonymous_14)","decl":{"start":{"line":41,"column":1},"end":{"line":41,"column":2}},"loc":{"start":{"line":41,"column":14},"end":{"line":49,"column":2}},"line":41},"15":{"name":"(anonymous_15)","decl":{"start":{"line":46,"column":3},"end":{"line":46,"column":4}},"loc":{"start":{"line":46,"column":11},"end":{"line":46,"column":48}},"line":46},"16":{"name":"(anonymous_16)","decl":{"start":{"line":51,"column":1},"end":{"line":51,"column":2}},"loc":{"start":{"line":51,"column":30},"end":{"line":56,"column":2}},"line":51},"17":{"name":"(anonymous_17)","decl":{"start":{"line":52,"column":9},"end":{"line":52,"column":10}},"loc":{"start":{"line":52,"column":18},"end":{"line":55,"column":3}},"line":52},"18":{"name":"(anonymous_18)","decl":{"start":{"line":58,"column":1},"end":{"line":58,"column":2}},"loc":{"start":{"line":58,"column":21},"end":{"line":60,"column":2}},"line":58},"19":{"name":"(anonymous_19)","decl":{"start":{"line":59,"column":9},"end":{"line":59,"column":10}},"loc":{"start":{"line":59,"column":18},"end":{"line":59,"column":61}},"line":59},"20":{"name":"(anonymous_20)","decl":{"start":{"line":62,"column":1},"end":{"line":62,"column":2}},"loc":{"start":{"line":62,"column":15},"end":{"line":65,"column":2}},"line":62},"21":{"name":"(anonymous_21)","decl":{"start":{"line":67,"column":1},"end":{"line":67,"column":2}},"loc":{"start":{"line":67,"column":14},"end":{"line":70,"column":2}},"line":67},"22":{"name":"(anonymous_22)","decl":{"start":{"line":72,"column":1},"end":{"line":72,"column":2}},"loc":{"start":{"line":72,"column":48},"end":{"line":76,"column":2}},"line":72},"23":{"name":"(anonymous_23)","decl":{"start":{"line":78,"column":1},"end":{"line":78,"column":2}},"loc":{"start":{"line":78,"column":17},"end":{"line":81,"column":2}},"line":78},"24":{"name":"(anonymous_24)","decl":{"start":{"line":83,"column":1},"end":{"line":83,"column":2}},"loc":{"start":{"line":83,"column":15},"end":{"line":86,"column":2}},"line":83},"25":{"name":"(anonymous_25)","decl":{"start":{"line":88,"column":1},"end":{"line":88,"column":2}},"loc":{"start":{"line":88,"column":18},"end":{"line":91,"column":2}},"line":88},"26":{"name":"(anonymous_26)","decl":{"start":{"line":93,"column":1},"end":{"line":93,"column":2}},"loc":{"start":{"line":93,"column":19},"end":{"line":101,"column":2}},"line":93},"27":{"name":"(anonymous_27)","decl":{"start":{"line":103,"column":1},"end":{"line":103,"column":2}},"loc":{"start":{"line":103,"column":25},"end":{"line":108,"column":2}},"line":103},"28":{"name":"(anonymous_28)","decl":{"start":{"line":110,"column":1},"end":{"line":110,"column":2}},"loc":{"start":{"line":110,"column":21},"end":{"line":114,"column":2}},"line":110},"29":{"name":"(anonymous_29)","decl":{"start":{"line":116,"column":1},"end":{"line":116,"column":2}},"loc":{"start":{"line":116,"column":27},"end":{"line":118,"column":2}},"line":116},"30":{"name":"(anonymous_30)","decl":{"start":{"line":120,"column":1},"end":{"line":120,"column":2}},"loc":{"start":{"line":120,"column":17},"end":{"line":125,"column":2}},"line":120},"31":{"name":"(anonymous_31)","decl":{"start":{"line":121,"column":9},"end":{"line":121,"column":10}},"loc":{"start":{"line":121,"column":35},"end":{"line":124,"column":3}},"line":121},"32":{"name":"(anonymous_32)","decl":{"start":{"line":127,"column":1},"end":{"line":127,"column":2}},"loc":{"start":{"line":127,"column":21},"end":{"line":132,"column":2}},"line":127},"33":{"name":"(anonymous_33)","decl":{"start":{"line":128,"column":9},"end":{"line":128,"column":10}},"loc":{"start":{"line":128,"column":18},"end":{"line":131,"column":3}},"line":128},"34":{"name":"(anonymous_34)","decl":{"start":{"line":134,"column":1},"end":{"line":134,"column":2}},"loc":{"start":{"line":134,"column":21},"end":{"line":137,"column":2}},"line":134},"35":{"name":"(anonymous_35)","decl":{"start":{"line":139,"column":1},"end":{"line":139,"column":2}},"loc":{"start":{"line":139,"column":46},"end":{"line":149,"column":2}},"line":139},"36":{"name":"(anonymous_36)","decl":{"start":{"line":147,"column":8},"end":{"line":147,"column":9}},"loc":{"start":{"line":147,"column":16},"end":{"line":147,"column":31}},"line":147},"37":{"name":"(anonymous_37)","decl":{"start":{"line":151,"column":1},"end":{"line":151,"column":2}},"loc":{"start":{"line":151,"column":28},"end":{"line":155,"column":2}},"line":151},"38":{"name":"(anonymous_38)","decl":{"start":{"line":153,"column":8},"end":{"line":153,"column":9}},"loc":{"start":{"line":153,"column":16},"end":{"line":153,"column":31}},"line":153},"39":{"name":"(anonymous_39)","decl":{"start":{"line":157,"column":1},"end":{"line":157,"column":2}},"loc":{"start":{"line":157,"column":21},"end":{"line":161,"column":2}},"line":157},"40":{"name":"(anonymous_40)","decl":{"start":{"line":171,"column":1},"end":{"line":171,"column":2}},"loc":{"start":{"line":171,"column":12},"end":{"line":176,"column":2}},"line":171},"41":{"name":"(anonymous_41)","decl":{"start":{"line":178,"column":1},"end":{"line":178,"column":2}},"loc":{"start":{"line":178,"column":39},"end":{"line":186,"column":2}},"line":178},"42":{"name":"(anonymous_42)","decl":{"start":{"line":181,"column":9},"end":{"line":181,"column":10}},"loc":{"start":{"line":181,"column":18},"end":{"line":185,"column":3}},"line":181},"43":{"name":"(anonymous_43)","decl":{"start":{"line":188,"column":1},"end":{"line":188,"column":2}},"loc":{"start":{"line":188,"column":19},"end":{"line":209,"column":2}},"line":188},"44":{"name":"(anonymous_44)","decl":{"start":{"line":190,"column":9},"end":{"line":190,"column":10}},"loc":{"start":{"line":190,"column":18},"end":{"line":208,"column":3}},"line":190},"45":{"name":"(anonymous_45)","decl":{"start":{"line":211,"column":1},"end":{"line":211,"column":2}},"loc":{"start":{"line":211,"column":22},"end":{"line":236,"column":2}},"line":211},"46":{"name":"(anonymous_46)","decl":{"start":{"line":238,"column":1},"end":{"line":238,"column":2}},"loc":{"start":{"line":238,"column":11},"end":{"line":254,"column":2}},"line":238},"47":{"name":"(anonymous_47)","decl":{"start":{"line":243,"column":3},"end":{"line":243,"column":4}},"loc":{"start":{"line":243,"column":12},"end":{"line":247,"column":4}},"line":243}},"branchMap":{"0":{"loc":{"start":{"line":14,"column":9},"end":{"line":14,"column":19}},"type":"default-arg","locations":[{"start":{"line":14,"column":17},"end":{"line":14,"column":19}}],"line":14},"1":{"loc":{"start":{"line":23,"column":9},"end":{"line":23,"column":46}},"type":"binary-expr","locations":[{"start":{"line":23,"column":9},"end":{"line":23,"column":23}},{"start":{"line":23,"column":27},"end":{"line":23,"column":46}}],"line":23},"2":{"loc":{"start":{"line":27,"column":17},"end":{"line":27,"column":71}},"type":"binary-expr","locations":[{"start":{"line":27,"column":17},"end":{"line":27,"column":41}},{"start":{"line":27,"column":45},"end":{"line":27,"column":71}}],"line":27},"3":{"loc":{"start":{"line":51,"column":13},"end":{"line":51,"column":28}},"type":"default-arg","locations":[{"start":{"line":51,"column":24},"end":{"line":51,"column":28}}],"line":51},"4":{"loc":{"start":{"line":64,"column":9},"end":{"line":64,"column":76}},"type":"binary-expr","locations":[{"start":{"line":64,"column":9},"end":{"line":64,"column":26}},{"start":{"line":64,"column":30},"end":{"line":64,"column":53}},{"start":{"line":64,"column":57},"end":{"line":64,"column":76}}],"line":64},"5":{"loc":{"start":{"line":69,"column":9},"end":{"line":69,"column":54}},"type":"binary-expr","locations":[{"start":{"line":69,"column":9},"end":{"line":69,"column":31}},{"start":{"line":69,"column":35},"end":{"line":69,"column":54}}],"line":69},"6":{"loc":{"start":{"line":72,"column":11},"end":{"line":72,"column":46}},"type":"default-arg","locations":[{"start":{"line":72,"column":23},"end":{"line":72,"column":46}}],"line":72},"7":{"loc":{"start":{"line":80,"column":9},"end":{"line":80,"column":75}},"type":"binary-expr","locations":[{"start":{"line":80,"column":9},"end":{"line":80,"column":31}},{"start":{"line":80,"column":35},"end":{"line":80,"column":75}}],"line":80},"8":{"loc":{"start":{"line":85,"column":9},"end":{"line":85,"column":58}},"type":"binary-expr","locations":[{"start":{"line":85,"column":9},"end":{"line":85,"column":33}},{"start":{"line":85,"column":37},"end":{"line":85,"column":58}}],"line":85},"9":{"loc":{"start":{"line":90,"column":9},"end":{"line":90,"column":61}},"type":"binary-expr","locations":[{"start":{"line":90,"column":9},"end":{"line":90,"column":33}},{"start":{"line":90,"column":37},"end":{"line":90,"column":61}}],"line":90},"10":{"loc":{"start":{"line":96,"column":3},"end":{"line":99,"column":26}},"type":"binary-expr","locations":[{"start":{"line":96,"column":3},"end":{"line":96,"column":34}},{"start":{"line":97,"column":3},"end":{"line":97,"column":42}},{"start":{"line":98,"column":3},"end":{"line":98,"column":20}},{"start":{"line":99,"column":3},"end":{"line":99,"column":26}}],"line":96},"11":{"loc":{"start":{"line":111,"column":9},"end":{"line":113,"column":24}},"type":"cond-expr","locations":[{"start":{"line":112,"column":5},"end":{"line":112,"column":12}},{"start":{"line":113,"column":5},"end":{"line":113,"column":24}}],"line":111},"12":{"loc":{"start":{"line":139,"column":18},"end":{"line":139,"column":44}},"type":"default-arg","locations":[{"start":{"line":139,"column":28},"end":{"line":139,"column":44}}],"line":139},"13":{"loc":{"start":{"line":178,"column":9},"end":{"line":178,"column":37}},"type":"default-arg","locations":[{"start":{"line":178,"column":18},"end":{"line":178,"column":37}}],"line":178},"14":{"loc":{"start":{"line":182,"column":3},"end":{"line":183,"column":49}},"type":"binary-expr","locations":[{"start":{"line":182,"column":3},"end":{"line":182,"column":49}},{"start":{"line":183,"column":4},"end":{"line":183,"column":49}}],"line":182},"15":{"loc":{"start":{"line":184,"column":3},"end":{"line":184,"column":52}},"type":"binary-expr","locations":[{"start":{"line":184,"column":3},"end":{"line":184,"column":26}},{"start":{"line":184,"column":30},"end":{"line":184,"column":52}}],"line":184},"16":{"loc":{"start":{"line":193,"column":3},"end":{"line":207,"column":4}},"type":"if","locations":[{"start":{"line":193,"column":3},"end":{"line":207,"column":4}},{"start":{},"end":{}}],"line":193},"17":{"loc":{"start":{"line":193,"column":7},"end":{"line":193,"column":70}},"type":"binary-expr","locations":[{"start":{"line":193,"column":7},"end":{"line":193,"column":50}},{"start":{"line":193,"column":54},"end":{"line":193,"column":70}}],"line":193},"18":{"loc":{"start":{"line":194,"column":13},"end":{"line":196,"column":13}},"type":"cond-expr","locations":[{"start":{"line":195,"column":7},"end":{"line":195,"column":57}},{"start":{"line":196,"column":7},"end":{"line":196,"column":13}}],"line":194},"19":{"loc":{"start":{"line":211,"column":8},"end":{"line":211,"column":20}},"type":"default-arg","locations":[{"start":{"line":211,"column":18},"end":{"line":211,"column":20}}],"line":211},"20":{"loc":{"start":{"line":234,"column":2},"end":{"line":234,"column":67}},"type":"binary-expr","locations":[{"start":{"line":234,"column":3},"end":{"line":234,"column":30}},{"start":{"line":234,"column":35},"end":{"line":234,"column":67}}],"line":234}},"s":{"0":0,"1":0,"2":0,"3":0,"4":0,"5":0,"6":0,"7":0,"8":0,"9":0,"10":0,"11":0,"12":0,"13":0,"14":0,"15":0,"16":0,"17":0,"18":0,"19":0,"20":0,"21":0,"22":0,"23":0,"24":0,"25":0,"26":6,"27":0,"28":3,"29":3,"30":0,"31":2,"32":2,"33":2,"34":2,"35":3,"36":0,"37":0,"38":0,"39":0,"40":0,"41":0,"42":1,"43":1,"44":0,"45":0,"46":0,"47":0,"48":0,"49":0,"50":0,"51":0,"52":0,"53":0,"54":0,"55":0,"56":0,"57":0,"58":0,"59":0,"60":0,"61":0,"62":0,"63":0,"64":0,"65":0,"66":0,"67":0,"68":0,"69":0,"70":0,"71":0,"72":0,"73":0,"74":0,"75":0,"76":0,"77":0,"78":0,"79":0,"80":0,"81":0,"82":0,"83":0},"f":{"0":0,"1":0,"2":0,"3":0,"4":0,"5":0,"6":0,"7":0,"8":0,"9":0,"10":0,"11":0,"12":0,"13":0,"14":0,"15":0,"16":0,"17":0,"18":0,"19":0,"20":0,"21":0,"22":6,"23":0,"24":3,"25":3,"26":0,"27":2,"28":3,"29":0,"30":0,"31":0,"32":0,"33":0,"34":1,"35":0,"36":0,"37":0,"38":0,"39":0,"40":0,"41":0,"42":0,"43":0,"44":0,"45":0,"46":0,"47":0},"b":{"0":[0],"1":[0,0],"2":[0,0],"3":[0],"4":[0,0,0],"5":[0,0],"6":[3],"7":[0,0],"8":[3,2],"9":[3,2],"10":[0,0,0,0],"11":[1,2],"12":[0],"13":[0],"14":[0,0],"15":[0,0],"16":[0,0],"17":[0,0],"18":[0,0],"19":[0],"20":[0,0]},"_coverageSchema":"1a1c01bbd47fc00a2c39e90264f33305004495a9","hash":"4ef99cab89d08cc7844d71267d864af5747d10d5"}
}
