TN:
SF:focus-flow.js
FN:2,(anonymous_0)
FN:6,(anonymous_1)
FN:7,(anonymous_2)
FN:10,(anonymous_3)
FN:11,(anonymous_4)
FN:14,(anonymous_5)
FN:15,(anonymous_6)
FN:18,(anonymous_7)
FN:22,(anonymous_8)
FN:26,(anonymous_9)
FN:27,(anonymous_10)
FN:30,(anonymous_11)
FN:34,(anonymous_12)
FN:35,(anonymous_13)
FN:41,(anonymous_14)
FN:46,(anonymous_15)
FN:51,(anonymous_16)
FN:52,(anonymous_17)
FN:58,(anonymous_18)
FN:59,(anonymous_19)
FN:62,(anonymous_20)
FN:67,(anonymous_21)
FN:72,(anonymous_22)
FN:78,(anonymous_23)
FN:83,(anonymous_24)
FN:88,(anonymous_25)
FN:93,(anonymous_26)
FN:103,(anonymous_27)
FN:110,(anonymous_28)
FN:116,(anonymous_29)
FN:120,(anonymous_30)
FN:121,(anonymous_31)
FN:127,(anonymous_32)
FN:128,(anonymous_33)
FN:134,(anonymous_34)
FN:139,(anonymous_35)
FN:147,(anonymous_36)
FN:151,(anonymous_37)
FN:153,(anonymous_38)
FN:157,(anonymous_39)
FN:171,(anonymous_40)
FN:178,(anonymous_41)
FN:181,(anonymous_42)
FN:188,(anonymous_43)
FN:190,(anonymous_44)
FN:211,(anonymous_45)
FN:238,(anonymous_46)
FN:243,(anonymous_47)
FNF:48
FNH:6
FNDA:0,(anonymous_0)
FNDA:0,(anonymous_1)
FNDA:0,(anonymous_2)
FNDA:0,(anonymous_3)
FNDA:0,(anonymous_4)
FNDA:0,(anonymous_5)
FNDA:0,(anonymous_6)
FNDA:0,(anonymous_7)
FNDA:0,(anonymous_8)
FNDA:0,(anonymous_9)
FNDA:0,(anonymous_10)
FNDA:0,(anonymous_11)
FNDA:0,(anonymous_12)
FNDA:0,(anonymous_13)
FNDA:0,(anonymous_14)
FNDA:0,(anonymous_15)
FNDA:0,(anonymous_16)
FNDA:0,(anonymous_17)
FNDA:0,(anonymous_18)
FNDA:0,(anonymous_19)
FNDA:0,(anonymous_20)
FNDA:0,(anonymous_21)
FNDA:6,(anonymous_22)
FNDA:0,(anonymous_23)
FNDA:3,(anonymous_24)
FNDA:3,(anonymous_25)
FNDA:0,(anonymous_26)
FNDA:2,(anonymous_27)
FNDA:3,(anonymous_28)
FNDA:0,(anonymous_29)
FNDA:0,(anonymous_30)
FNDA:0,(anonymous_31)
FNDA:0,(anonymous_32)
FNDA:0,(anonymous_33)
FNDA:1,(anonymous_34)
FNDA:0,(anonymous_35)
FNDA:0,(anonymous_36)
FNDA:0,(anonymous_37)
FNDA:0,(anonymous_38)
FNDA:0,(anonymous_39)
FNDA:0,(anonymous_40)
FNDA:0,(anonymous_41)
FNDA:0,(anonymous_42)
FNDA:0,(anonymous_43)
FNDA:0,(anonymous_44)
FNDA:0,(anonymous_45)
FNDA:0,(anonymous_46)
FNDA:0,(anonymous_47)
DA:3,0
DA:7,0
DA:11,0
DA:15,0
DA:19,0
DA:23,0
DA:27,0
DA:31,0
DA:35,0
DA:36,0
DA:37,0
DA:42,0
DA:45,0
DA:46,0
DA:48,0
DA:52,0
DA:53,0
DA:54,0
DA:59,0
DA:64,0
DA:69,0
DA:75,6
DA:80,0
DA:85,3
DA:90,3
DA:95,0
DA:104,2
DA:105,2
DA:106,2
DA:107,2
DA:111,3
DA:117,0
DA:121,0
DA:128,0
DA:129,0
DA:130,0
DA:135,1
DA:136,1
DA:140,0
DA:147,0
DA:152,0
DA:153,0
DA:158,0
DA:159,0
DA:160,0
DA:172,0
DA:179,0
DA:180,0
DA:181,0
DA:182,0
DA:184,0
DA:189,0
DA:190,0
DA:191,0
DA:192,0
DA:193,0
DA:194,0
DA:197,0
DA:198,0
DA:200,0
DA:204,0
DA:205,0
DA:206,0
DA:212,0
DA:221,0
DA:222,0
DA:225,0
DA:234,0
DA:235,0
DA:239,0
DA:240,0
DA:241,0
DA:244,0
DA:245,0
DA:246,0
DA:250,0
DA:251,0
DA:252,0
LF:78
LH:10
BRDA:14,0,0,0
BRDA:23,1,0,0
BRDA:23,1,1,0
BRDA:27,2,0,0
BRDA:27,2,1,0
BRDA:51,3,0,0
BRDA:64,4,0,0
BRDA:64,4,1,0
BRDA:64,4,2,0
BRDA:69,5,0,0
BRDA:69,5,1,0
BRDA:72,6,0,3
BRDA:80,7,0,0
BRDA:80,7,1,0
BRDA:85,8,0,3
BRDA:85,8,1,2
BRDA:90,9,0,3
BRDA:90,9,1,2
BRDA:96,10,0,0
BRDA:96,10,1,0
BRDA:96,10,2,0
BRDA:96,10,3,0
BRDA:111,11,0,1
BRDA:111,11,1,2
BRDA:139,12,0,0
BRDA:178,13,0,0
BRDA:182,14,0,0
BRDA:182,14,1,0
BRDA:184,15,0,0
BRDA:184,15,1,0
BRDA:193,16,0,0
BRDA:193,16,1,0
BRDA:193,17,0,0
BRDA:193,17,1,0
BRDA:194,18,0,0
BRDA:194,18,1,0
BRDA:211,19,0,0
BRDA:234,20,0,0
BRDA:234,20,1,0
BRF:39
BRH:7
end_of_record
