TN:
SF:focus-flow.js
FN:2,(anonymous_0)
FN:6,(anonymous_1)
FN:7,(anonymous_2)
FN:10,(anonymous_3)
FN:11,(anonymous_4)
FN:14,(anonymous_5)
FN:15,(anonymous_6)
FN:18,(anonymous_7)
FN:22,(anonymous_8)
FN:26,(anonymous_9)
FN:27,(anonymous_10)
FN:30,(anonymous_11)
FN:34,(anonymous_12)
FN:35,(anonymous_13)
FN:41,(anonymous_14)
FN:46,(anonymous_15)
FN:51,(anonymous_16)
FN:52,(anonymous_17)
FN:58,(anonymous_18)
FN:59,(anonymous_19)
FN:62,(anonymous_20)
FN:67,(anonymous_21)
FN:72,(anonymous_22)
FN:78,(anonymous_23)
FN:83,(anonymous_24)
FN:88,(anonymous_25)
FN:93,(anonymous_26)
FN:103,(anonymous_27)
FN:110,(anonymous_28)
FN:116,(anonymous_29)
FN:120,(anonymous_30)
FN:121,(anonymous_31)
FN:127,(anonymous_32)
FN:128,(anonymous_33)
FN:134,(anonymous_34)
FN:139,(anonymous_35)
FN:147,(anonymous_36)
FN:151,(anonymous_37)
FN:153,(anonymous_38)
FN:157,(anonymous_39)
FN:171,(anonymous_40)
FN:178,(anonymous_41)
FN:181,(anonymous_42)
FN:188,(anonymous_43)
FN:190,(anonymous_44)
FN:211,(anonymous_45)
FN:238,(anonymous_46)
FN:243,(anonymous_47)
FNF:48
FNH:45
FNDA:3,(anonymous_0)
FNDA:1,(anonymous_1)
FNDA:1,(anonymous_2)
FNDA:3,(anonymous_3)
FNDA:4,(anonymous_4)
FNDA:6,(anonymous_5)
FNDA:2,(anonymous_6)
FNDA:2,(anonymous_7)
FNDA:7,(anonymous_8)
FNDA:2,(anonymous_9)
FNDA:4,(anonymous_10)
FNDA:4,(anonymous_11)
FNDA:1,(anonymous_12)
FNDA:1,(anonymous_13)
FNDA:0,(anonymous_14)
FNDA:0,(anonymous_15)
FNDA:1,(anonymous_16)
FNDA:1,(anonymous_17)
FNDA:1,(anonymous_18)
FNDA:1,(anonymous_19)
FNDA:9,(anonymous_20)
FNDA:3,(anonymous_21)
FNDA:6,(anonymous_22)
FNDA:6,(anonymous_23)
FNDA:3,(anonymous_24)
FNDA:3,(anonymous_25)
FNDA:0,(anonymous_26)
FNDA:2,(anonymous_27)
FNDA:15,(anonymous_28)
FNDA:3,(anonymous_29)
FNDA:4,(anonymous_30)
FNDA:6,(anonymous_31)
FNDA:1,(anonymous_32)
FNDA:1,(anonymous_33)
FNDA:1,(anonymous_34)
FNDA:3,(anonymous_35)
FNDA:15,(anonymous_36)
FNDA:2,(anonymous_37)
FNDA:12,(anonymous_38)
FNDA:4,(anonymous_39)
FNDA:1,(anonymous_40)
FNDA:5,(anonymous_41)
FNDA:5,(anonymous_42)
FNDA:9,(anonymous_43)
FNDA:7,(anonymous_44)
FNDA:16,(anonymous_45)
FNDA:5,(anonymous_46)
FNDA:1,(anonymous_47)
DA:3,3
DA:7,1
DA:11,4
DA:15,6
DA:19,2
DA:23,7
DA:27,4
DA:31,4
DA:35,1
DA:36,1
DA:37,1
DA:42,0
DA:45,0
DA:46,0
DA:48,0
DA:52,1
DA:53,1
DA:54,1
DA:59,1
DA:64,9
DA:69,3
DA:75,6
DA:80,6
DA:85,3
DA:90,3
DA:95,0
DA:104,2
DA:105,2
DA:106,2
DA:107,2
DA:111,15
DA:117,3
DA:121,6
DA:128,1
DA:129,1
DA:130,1
DA:135,1
DA:136,1
DA:140,3
DA:147,15
DA:152,2
DA:153,12
DA:158,4
DA:159,4
DA:160,4
DA:172,1
DA:179,5
DA:180,5
DA:181,5
DA:182,5
DA:184,5
DA:189,9
DA:190,9
DA:191,7
DA:192,7
DA:193,7
DA:194,4
DA:197,4
DA:198,4
DA:200,4
DA:204,4
DA:205,4
DA:206,4
DA:212,16
DA:221,16
DA:222,16
DA:225,16
DA:234,16
DA:235,16
DA:239,5
DA:240,5
DA:241,5
DA:244,1
DA:245,1
DA:246,1
DA:250,5
DA:251,5
DA:252,10
LF:78
LH:73
BRDA:14,0,0,0
BRDA:23,1,0,7
BRDA:23,1,1,6
BRDA:27,2,0,4
BRDA:27,2,1,3
BRDA:51,3,0,1
BRDA:64,4,0,9
BRDA:64,4,1,8
BRDA:64,4,2,7
BRDA:64,4,3,4
BRDA:69,5,0,3
BRDA:69,5,1,2
BRDA:72,6,0,3
BRDA:80,7,0,6
BRDA:80,7,1,5
BRDA:85,8,0,3
BRDA:85,8,1,2
BRDA:90,9,0,3
BRDA:90,9,1,2
BRDA:96,10,0,0
BRDA:96,10,1,0
BRDA:96,10,2,0
BRDA:96,10,3,0
BRDA:111,11,0,1
BRDA:111,11,1,14
BRDA:139,12,0,1
BRDA:178,13,0,4
BRDA:182,14,0,5
BRDA:182,14,1,3
BRDA:184,15,0,5
BRDA:184,15,1,1
BRDA:193,16,0,4
BRDA:193,16,1,3
BRDA:193,17,0,7
BRDA:193,17,1,5
BRDA:194,18,0,3
BRDA:194,18,1,1
BRDA:211,19,0,0
BRDA:234,20,0,16
BRDA:234,20,1,1
BRF:40
BRH:34
end_of_record
